[2025-05-26 17:36:19] --- generate_pdf.php accessed ---
[2025-05-26 17:36:19] Raw POST data received (first 500 chars): {"babyInfo":{"name":"Mateus","email":"mateus.scheffer@live.com","birthdate":"2024-11-11","age":"6","isPremature":false,"prematureWeeks":null,"isPCD":false,"pcdDescription":null,"userQuestion":"Nenhuma dúvida específica fornecida"},"quizData":[],"analysis":{"sections":[{"title":"Análise da IA (Conteúdo Bruto)","content":[{"type":"raw_html","html":"<div class=\"ai-analysis-formatted\"><h2 class=\"ai-section-title\">Análise Geral</h2>\n\n<p>O desenvolvimento motor de um bebê de 6 meses é um 
[2025-05-26 17:36:19] JSON data decoded successfully.
[2025-05-26 17:36:19] Composer autoloader included.
[2025-05-26 17:36:19] Data extracted from JSON.
[2025-05-26 17:36:19] PDF filename set to: avaliacao-Mateus-26-05-2025.pdf
[2025-05-26 17:36:19] Starting HTML generation...
[2025-05-26 17:36:19] HTML generation complete. Total length: 4285 chars.
[2025-05-26 17:36:19] Initializing mPDF...
[2025-05-26 17:36:19] mPDF temp directory set to: /tmp/mpdf_tmp
[2025-05-26 17:36:19] mPDF initialized. Setting properties...
[2025-05-26 17:36:19] Writing HTML to mPDF...
[2025-05-26 17:36:19] HTML written to mPDF successfully.
[2025-05-26 17:36:19] Preparing PDF output...
[2025-05-26 17:36:19] Sending PDF to browser (Inline)...
[2025-05-26 17:36:19] PDF output finished.
[2025-05-26 17:45:21] --- generate_pdf.php accessed ---
[2025-05-26 17:45:21] Raw POST data received (first 500 chars): {"babyInfo":{"name":"Mateus","email":"mateus.scheffer@live.com","birthdate":"2024-11-11","age":"6","isPremature":true,"prematureWeeks":"34","isPCD":true,"pcdDescription":"PC","userQuestion":"meu bebe chora muito é normal ? "},"quizData":[],"analysis":{"sections":[{"title":"Análise da IA (Conteúdo Bruto)","content":[{"type":"raw_html","html":"<div class=\"ai-analysis-formatted\"><h2 class=\"ai-section-title\">Análise Geral</h2>\n\n<p>Considerando a prematuridade (34 semanas) e o diagnóstico 
[2025-05-26 17:45:21] JSON data decoded successfully.
[2025-05-26 17:45:21] Composer autoloader included.
[2025-05-26 17:45:21] Data extracted. Quiz data count: 0. Analysis sections count: 1
[2025-05-26 17:45:21] PDF filename set to: avaliacao-Mateus-26-05-2025.pdf
[2025-05-26 17:45:21] Starting HTML generation...
[2025-05-26 17:45:21] Processing Quiz Data Section...
[2025-05-26 17:45:21] Quiz data is empty or not an array. Skipping Quiz Section.
[2025-05-26 17:45:21] Processing Analysis Section...
[2025-05-26 17:45:21] Analysis sections found. Count: 1
[2025-05-26 17:45:21] Processing analysis section #1: Title='Análise da IA (Conteúdo Bruto)'
[2025-05-26 17:45:21] Processing content items for section #1. Count: 1
[2025-05-26 17:45:21]   Processing content item #1: Type='raw_html'
[2025-05-26 17:45:21] Finished processing Analysis Section.
[2025-05-26 17:45:21] HTML generation complete. Total length: 6853 chars.
[2025-05-26 17:45:21] Initializing mPDF...
[2025-05-26 17:45:21] mPDF temp directory set to: /tmp/mpdf_tmp
[2025-05-26 17:45:21] mPDF initialized. Setting properties...
[2025-05-26 17:45:21] Writing HTML to mPDF...
[2025-05-26 17:45:22] HTML written to mPDF successfully.
[2025-05-26 17:45:22] Preparing PDF output...
[2025-05-26 17:45:22] Sending PDF to browser (Inline)...
[2025-05-26 17:45:22] PDF output finished.
[2025-05-26 18:01:54] --- generate_pdf.php accessed ---
[2025-05-26 18:01:54] Raw POST data received (first 500 chars): {"babyInfo":{"name":"Mateus","email":"mateus.scheffer@live.com","birthdate":"2024-10-11","age":"7","isPremature":true,"prematureWeeks":"35","isPCD":true,"pcdDescription":"PC","userQuestion":"meu bebe para de chorar com quantos meses?"},"quizData":[],"analysis":{"sections":[{"title":"Análise da IA (Conteúdo Bruto)","content":[{"type":"raw_html","html":"<div class=\"ai-analysis-formatted\"><h2 class=\"ai-section-title\">Análise Geral</h2>\n\n<p>Considerando a prematuridade (35 semanas) e o diag
[2025-05-26 18:01:54] JSON data decoded successfully.
[2025-05-26 18:01:54] Composer autoloader included.
[2025-05-26 18:01:54] Extracted Quiz Data Content:
Array
(
)

[2025-05-26 18:01:54] Analysis sections count: 1
[2025-05-26 18:01:54] PDF filename set to: avaliacao-Mateus-26-05-2025.pdf
[2025-05-26 18:01:54] Starting HTML generation...
[2025-05-26 18:01:54] Processing Quiz Data Section...
[2025-05-26 18:01:54] Quiz data is empty, not an array, or not received correctly. Skipping Quiz Section in PDF.
[2025-05-26 18:01:54] Processing Analysis Section...
[2025-05-26 18:01:54] Analysis sections found. Count: 1
[2025-05-26 18:01:54] Processing analysis section #1: Title='Análise da IA (Conteúdo Bruto)'
[2025-05-26 18:01:54] Processing content items for section #1. Count: 1
[2025-05-26 18:01:54]   Processing content item #1: Type='raw_html'
[2025-05-26 18:01:54] Finished processing Analysis Section.
[2025-05-26 18:01:54] HTML generation complete. Total length: 6203 chars.
[2025-05-26 18:01:54] Initializing mPDF...
[2025-05-26 18:01:54] mPDF temp directory set to: /tmp/mpdf_tmp
[2025-05-26 18:01:54] mPDF initialized. Setting properties...
[2025-05-26 18:01:54] Writing HTML to mPDF...
[2025-05-26 18:01:55] HTML written to mPDF successfully.
[2025-05-26 18:01:55] Preparing PDF output...
[2025-05-26 18:01:55] Sending PDF to browser (Inline)...
[2025-05-26 18:01:55] PDF output finished.
[2025-05-26 18:13:56] --- generate_pdf.php accessed ---
[2025-05-26 18:13:56] Raw POST data received (first 500 chars): {"babyInfo":{"name":"mateus","email":"a@a.com","birthdate":"2024-11-11","age":"6","isPremature":true,"prematureWeeks":"35","isPCD":true,"pcdDescription":"pc","userQuestion":"asdasdasdasdas"},"quizData":[],"analysis":{"sections":[{"title":"Análise da IA (Conteúdo Bruto)","content":[{"type":"raw_html","html":"<div class=\"ai-analysis-formatted\"><h2 class=\"ai-section-title\">Análise Geral</h2>\n\n<p>Considerando a idade corrigida do bebê (aproximadamente 4.5 meses, devido à prematuridade de 
[2025-05-26 18:13:56] JSON data decoded successfully.
[2025-05-26 18:13:56] Composer autoloader included.
[2025-05-26 18:13:56] Extracted Quiz Data Content:
Array
(
)

[2025-05-26 18:13:56] Analysis sections count: 1
[2025-05-26 18:13:56] PDF filename set to: avaliacao-mateus-26-05-2025.pdf
[2025-05-26 18:13:56] Starting HTML generation...
[2025-05-26 18:13:56] Processing Quiz Data Section...
[2025-05-26 18:13:56] Quiz data is empty, not an array, or not received correctly. Skipping Quiz Section in PDF.
[2025-05-26 18:13:56] Processing Analysis Section...
[2025-05-26 18:13:56] Analysis sections found. Count: 1
[2025-05-26 18:13:56] Processing analysis section #1: Title='Análise da IA (Conteúdo Bruto)'
[2025-05-26 18:13:56] Processing content items for section #1. Count: 1
[2025-05-26 18:13:56]   Processing content item #1: Type='raw_html'
[2025-05-26 18:13:56] Finished processing Analysis Section.
[2025-05-26 18:13:56] HTML generation complete. Total length: 5922 chars.
[2025-05-26 18:13:56] Initializing mPDF...
[2025-05-26 18:13:56] mPDF temp directory set to: /tmp/mpdf_tmp
[2025-05-26 18:13:56] mPDF initialized. Setting properties...
[2025-05-26 18:13:56] Writing HTML to mPDF...
[2025-05-26 18:13:56] HTML written to mPDF successfully.
[2025-05-26 18:13:56] Preparing PDF output...
[2025-05-26 18:13:56] Sending PDF to browser (Inline)...
[2025-05-26 18:13:56] PDF output finished.
[2025-05-26 21:24:45] --- generate_pdf.php accessed ---
[2025-05-26 21:24:45] Raw POST data received (first 500 chars): {"babyInfo":{"name":"mateus","email":"mateus.scheffer@live.com","birthdate":"2024-11-11","age":"6","isPremature":false,"prematureWeeks":null,"isPCD":true,"pcdDescription":"pc","userQuestion":"teste"},"quizData":[],"analysis":{"sections":[{"title":"Análise da IA","content":[{"type":"raw_html","html":"<div class=\"ai-analysis-formatted\"><h2 class=\"ai-section-title\">Análise Geral</h2>\n\n<p>Considerando a idade corrigida (PC) do bebê, a avaliação preliminar indica um desenvolvimento motor q
[2025-05-26 21:24:45] JSON data decoded successfully.
[2025-05-26 21:24:45] Composer autoloader included.
[2025-05-26 21:24:45] Extracted Quiz Data Content:
Array
(
)

[2025-05-26 21:24:45] Analysis sections count: 1
[2025-05-26 21:24:45] PDF filename set to: avaliacao-mateus-26-05-2025.pdf
[2025-05-26 21:24:45] Starting HTML generation...
[2025-05-26 21:24:45] Processing Quiz Data Section...
[2025-05-26 21:24:45] Quiz data is empty, not an array, or not received correctly. Skipping Quiz Section in PDF.
[2025-05-26 21:24:45] Processing Analysis Section...
[2025-05-26 21:24:45] Analysis sections found. Count: 1
[2025-05-26 21:24:45] Processing analysis section #1: Title='Análise da IA'
[2025-05-26 21:24:45] Processing content items for section #1. Count: 1
[2025-05-26 21:24:45]   Processing content item #1: Type='raw_html'
[2025-05-26 21:24:45] Finished processing Analysis Section.
[2025-05-26 21:24:45] HTML generation complete. Total length: 5493 chars.
[2025-05-26 21:24:45] Initializing mPDF...
[2025-05-26 21:24:45] mPDF temp directory set to: /tmp/mpdf_tmp
[2025-05-26 21:24:45] mPDF initialized. Setting properties...
[2025-05-26 21:24:45] Writing HTML to mPDF...
[2025-05-26 21:24:45] HTML written to mPDF successfully.
[2025-05-26 21:24:45] Preparing PDF output...
[2025-05-26 21:24:45] Sending PDF to browser (Inline)...
[2025-05-26 21:24:45] PDF output finished.
[2025-05-27 00:24:00] --- generate_pdf.php (corrigido) accessed ---
[2025-05-27 00:24:00] Raw POST data received (first 500 chars): {"questionFormHtml":"<div class=\"age-notification\" style=\"margin-bottom: 1rem; padding: 0.5rem; background-color: rgb(240, 247, 255); border-radius: 5px; border-left: 4px solid var(--primary-color);\">\n          <p><strong>Atenção:</strong> Como o bebê nasceu com 34 semanas de gestação, \n          estamos usando a idade corrigida de 4 meses \n          ao invés da idade cronológica de 6 meses.</p>\n          <p><em>A idade corrigida é calculada subtraindo da idade cronológica o tem
[2025-05-27 00:24:00] JSON data decoded successfully. Keys: questionFormHtml, resultsHtml, currentDate
[2025-05-27 00:24:00] Composer autoloader included.
[2025-05-27 00:24:00] PDF filename set to: relatorio-capturado-26-05-2025.pdf
[2025-05-27 00:24:00] Starting HTML generation...
[2025-05-27 00:24:00] HTML generation complete. Total length: 27179 chars.
[2025-05-27 00:24:00] Initializing mPDF...
[2025-05-27 00:24:00] mPDF temp directory set to: /tmp/mpdf_tmp
[2025-05-27 00:24:01] mPDF initialized. Setting properties...
[2025-05-27 00:24:01] Writing HTML to mPDF...
[2025-05-27 00:24:03] --- generate_pdf.php (corrigido) accessed ---
[2025-05-27 00:24:03] Raw POST data received (first 500 chars): {"questionFormHtml":"<div class=\"age-notification\" style=\"margin-bottom: 1rem; padding: 0.5rem; background-color: rgb(240, 247, 255); border-radius: 5px; border-left: 4px solid var(--primary-color);\">\n          <p><strong>Atenção:</strong> Como o bebê nasceu com 34 semanas de gestação, \n          estamos usando a idade corrigida de 4 meses \n          ao invés da idade cronológica de 6 meses.</p>\n          <p><em>A idade corrigida é calculada subtraindo da idade cronológica o tem
[2025-05-27 00:24:03] JSON data decoded successfully. Keys: questionFormHtml, resultsHtml, currentDate
[2025-05-27 00:24:03] Composer autoloader included.
[2025-05-27 00:24:03] PDF filename set to: relatorio-capturado-26-05-2025.pdf
[2025-05-27 00:24:03] Starting HTML generation...
[2025-05-27 00:24:03] HTML generation complete. Total length: 27179 chars.
[2025-05-27 00:24:03] Initializing mPDF...
[2025-05-27 00:24:03] mPDF temp directory set to: /tmp/mpdf_tmp
[2025-05-27 00:24:03] mPDF initialized. Setting properties...
[2025-05-27 00:24:03] Writing HTML to mPDF...
[2025-05-27 00:24:07] HTML written to mPDF successfully.
[2025-05-27 00:24:07] Preparing PDF output...
[2025-05-27 00:24:07] Sending PDF to browser...
[2025-05-27 00:24:07] PDF output finished.
[2025-05-27 00:24:09] HTML written to mPDF successfully.
[2025-05-27 00:24:09] Preparing PDF output...
[2025-05-27 00:24:09] Sending PDF to browser...
[2025-05-27 00:24:09] PDF output finished.
[2025-05-27 00:29:07] --- generate_pdf.php (corrigido) accessed ---
[2025-05-27 00:29:07] Raw POST data received (first 500 chars): {"resultsHtml":"\n        <div class=\"basic-results\">\n            <h3>Resumo da Avaliação</h3>\n            <p><strong>Email:</strong> mateus.scheffer@live.com</p>\n            <p><strong>Data da Avaliação:</strong> 26/05/2025</p>\n            <p><strong>Nome do Bebê:</strong> mateus</p>\n    \n            <p><strong>Idade cronológica:</strong> 6 meses</p>\n            <p><strong>Idade corrigida:</strong> 3 meses (usada para avaliação)</p>\n        <p><strong>Bebê Prematuro:</strong>
[2025-05-27 00:29:07] Error: Invalid or missing JSON data. JSON decode error: No error. Expected 'questionFormHtml', 'resultsHtml', 'currentDate'. Raw data: {"resultsHtml":"\n        <div class=\"basic-results\">\n            <h3>Resumo da Avaliação</h3>\n            <p><strong>Email:</strong> mateus.scheffer@live.com</p>\n            <p><strong>Data da Avaliação:</strong> 26/05/2025</p>\n            <p><strong>Nome do Bebê:</strong> mateus</p>\n    \n            <p><strong>Idade cronológica:</strong> 6 meses</p>\n            <p><strong>Idade corrigida:</strong> 3 meses (usada para avaliação)</p>\n        <p><strong>Bebê Prematuro:</strong> Sim (30 semanas)</p><p><strong>PCD:</strong> Sim (PC)</p>\n            <div class=\"user-question-section\">\n                <h4>Sua Pergunta:</h4>\n                <p>quando meu bebe vai caminhar :?</p>\n                <div id=\"userQuestionAnswer\" class=\"user-question-answer\">\n                    <p><em>A resposta para sua pergunta será fornecida na análise detalhada abaixo.</em></p>\n                </div>\n            </div>\n        \n        <div class=\"questions-answers-section\">\n            <h4>Perguntas e Respostas:</h4>\n            <ul>\n    \n            <li>\n                <p><strong>Pergunta:</strong> Quando está de bruços, seu bebê consegue levantar bem a cabeça e parte do peito, apoiando-se nos antebraços? (Postura de esfinge – controle cervical e torácico)</p>\n                <p><strong>Resposta:</strong> Sim</p>\n            </li>\n        \n            <li>\n                <p><strong>Pergunta:</strong> Quando está de barriga para cima, seu bebê brinca com as mãozinhas ou junta as mãos na frente do corpo? (Coordenação e atenção visual/manual em supino)</p>\n                <p><strong>Resposta:</strong> Sim</p>\n            </li>\n        \n            <li>\n                <p><strong>Pergunta:</strong> Seu bebê vira a cabeça com facilidade para os dois lados quando está de bruços? (Controle lateral da cabeça em pronação)</p>\n                <p><strong>Resposta:</strong> Não</p>\n            </li>\n        \n            <li>\n                <p><strong>Pergunta:</strong> Quando você segura o bebê sentado com apoio, ele mantém a cabeça firme e erguida sem cair para frente ou para os lados? (Controle cervical quase completo na posição sentada)</p>\n                <p><strong>Resposta:</strong> Sim</p>\n            </li>\n        \n            <li>\n                <p><strong>Pergunta:</strong> Ao ser segurado em pé com apoio, seu bebê empurra o chão com os dois pezinhos? (Ativação do reflexo de apoio em posição vertical)</p>\n                <p><strong>Resposta:</strong> Sim</p>\n            </li>\n        \n            <li>\n                <p><strong>Pergunta:</strong> Seu bebê começa a rolar de lado (lateralmente), mesmo que ainda não complete o giro? (Início do rolamento lateral – movimento de transição)</p>\n                <p><strong>Resposta:</strong> Não</p>\n            </li>\n        \n            </ul>\n        </div>\n    \n        <div class=\"ai-loading\" id=\"aiLoading\" style=\"display: none;\">\n            <p>Gerando análise detalhada com IA...</p>\n            <div class=\"loader\"></div>\n        </div>\n        <div class=\"ai-analysis\" id=\"aiAnalysis\" style=\"display: block;\">\n            <h3>Análise Detalhada da IA</h3>\n            <div class=\"analysis-content\" id=\"analysisContent\"><div class=\"ai-analysis-formatted\"><h2 class=\"ai-section-title\">Análise Geral</h2>\n\n<p>Considerando a prematuridade (30 semanas) e o diagnóstico de Paralisia Cerebral (PC), a avaliação do desenvolvimento motor deve ser cuidadosa e individualizada. A idade corrigida é fundamental para comparar o desenvolvimento do bebê com os marcos típicos. A PC pode influenciar o ritmo e a forma como os marcos motores são atingidos.</p>\n\n<h2 class=\"ai-section-title\">Pontos Fortes</h2>\n<ul><li>Bom controle cervical e torácico em pronação (postura de esfinge).</li><ul><li>Coordenação visual/manual em supino presente.</li><ul><li>Controle cervical na posição sentada com apoio.</li><ul><li>Ativação do reflexo de apoio em posição vertical.</li></ul>\n<h2 class=\"ai-section-title\">Pontos de Atenção</h2>\n<ul><li>Dificuldade em virar a cabeça para os lados quando de bruços.</li><ul><li>Ausência de rolamento lateral.</li></ul>\n<h2 class=\"ai-section-title\">Recomendações</h2>\n<ul><li>O acompanhamento com fisioterapeuta especializado em desenvolvimento infantil é essencial para otimizar o desenvolvimento motor do bebê, considerando a prematuridade e a PC.</li><ul><li>Estimule o rolamento lateral com brincadeiras e posicionamentos que incentivem a transferência de peso.</li><ul><li>Monitore a evolução do controle lateral da cabeça em pronação, buscando orientação profissional se persistir a dificuldade.</li><ul><li>A Escala Motora Infantil de Alberta (AIMS) e a Denver II podem ser ferramentas úteis para avaliar o desenvolvimento motor do bebê, mas devem ser aplicadas e interpretadas por profissionais qualificados.</li></ul>\n<hr class=\"ai-section-divider\">\n\n<h2 class=\"ai-section-title\">Resposta à Pergunta do Usuário</h2>\n\n<p>Pergunta do Usuário: quando meu bebe vai caminhar :?</p><p>Resposta do Especialista: É impossível prever com exatidão quando seu bebê começará a caminhar, especialmente considerando a prematuridade e o diagnóstico de Paralisia Cerebral (PC). O desenvolvimento motor varia muito de criança para criança. O acompanhamento regular com um fisioterapeuta especializado é fundamental para avaliar o progresso individual do seu bebê e implementar estratégias que o auxiliem a alcançar essa e outras habilidades motoras no seu próprio tempo. Concentre-se em fornecer um ambiente de apoio e oportunidades para que ele explore e desenvolva suas habilidades motoras.</p>\n</ul></ul></ul></ul></ul></ul></ul></div></div>\n        </div>\n        <div class=\"ai-error\" id=\"aiError\" style=\"display: none;\">\n            <h3>Erro na Análise</h3>\n            <div class=\"analysis-content error\" id=\"errorContent\"></div>\n        </div>\n    </div>","currentDate":"26/05/2025"}
[2025-05-28 17:24:44] --- generate_pdf.php (corrigido) accessed ---
[2025-05-28 17:24:44] Raw POST data received (first 500 chars): {"resultsHtml":"\n        <div class=\"basic-results\">\n            <h3>Resumo da Avaliação</h3>\n            <p><strong>Email:</strong> mateus.scheffer@live.com</p>\n            <p><strong>Data da Avaliação:</strong> 28/05/2025</p>\n            <p><strong>Nome do Bebê:</strong> Mateus</p>\n    <p><strong>Idade do bebê:</strong> 6 meses</p>\n        <div class=\"questions-answers-section\">\n            <h4>Perguntas e Respostas:</h4>\n            <ul>\n    \n            <li>\n           
[2025-05-28 17:24:44] Error: Invalid or missing JSON data. JSON decode error: No error. Expected 'questionFormHtml', 'resultsHtml', 'currentDate'. Raw data: {"resultsHtml":"\n        <div class=\"basic-results\">\n            <h3>Resumo da Avaliação</h3>\n            <p><strong>Email:</strong> mateus.scheffer@live.com</p>\n            <p><strong>Data da Avaliação:</strong> 28/05/2025</p>\n            <p><strong>Nome do Bebê:</strong> Mateus</p>\n    <p><strong>Idade do bebê:</strong> 6 meses</p>\n        <div class=\"questions-answers-section\">\n            <h4>Perguntas e Respostas:</h4>\n            <ul>\n    \n            <li>\n                <p><strong>Pergunta:</strong> Seu bebê rola sozinho de barriga para cima para a posição de bruços?</p>\n                <p><strong>Resposta:</strong> Não</p>\n            </li>\n        \n            <li>\n                <p><strong>Pergunta:</strong> Quando está de bruços, seu bebê estica bem os braços, apoiando-se nas mãos com os cotovelos retos?</p>\n                <p><strong>Resposta:</strong> Sim</p>\n            </li>\n        \n            <li>\n                <p><strong>Pergunta:</strong> Quando está sentado com apoio, seu bebê já usa as mãos para se equilibrar (coloca as mãos na frente do corpo)?</p>\n                <p><strong>Resposta:</strong> Sim</p>\n            </li>\n        \n            <li>\n                <p><strong>Pergunta:</strong> Seu bebê pega brinquedos com uma das mãos com facilidade e leva até a boca?</p>\n                <p><strong>Resposta:</strong> Não</p>\n            </li>\n        \n            <li>\n                <p><strong>Pergunta:</strong> Seu bebê fica sentado com apoio e mantém o tronco e a cabeça firmes sem tombar para os lados?</p>\n                <p><strong>Resposta:</strong> Sim</p>\n            </li>\n        \n            </ul>\n        </div>\n    \n        <div class=\"ai-loading\" id=\"aiLoading\" style=\"display: none;\">\n            <p>Gerando análise detalhada com IA...</p>\n            <div class=\"loader\"></div>\n        </div>\n        <div class=\"ai-analysis\" id=\"aiAnalysis\" style=\"display: block;\">\n            <h3>Análise Detalhada da IA</h3>\n            <div class=\"analysis-content\" id=\"analysisContent\"><div class=\"ai-analysis-formatted\"><h2 class=\"ai-section-title\">Análise Geral</h2>\n\n<p>O desenvolvimento motor do bebê apresenta alguns aspectos positivos, mas também áreas que merecem atenção. A capacidade de se apoiar com os braços esticados quando de bruços e sentar-se com apoio, mantendo o tronco e a cabeça firmes, são indicativos de bom controle postural. No entanto, a ausência de rolamento e dificuldade em pegar objetos com uma mão podem ser sinais de alerta.</p>\n\n<hr class=\"ai-section-divider\">\n\n<h2 class=\"ai-section-title\">Pontos Fortes</h2>\n<ul><li>Bom controle de tronco e cabeça quando sentado com apoio.</li><ul><li>Capacidade de apoiar-se com os braços esticados quando de bruços.</li><ul><li>Utilização das mãos para se equilibrar quando sentado com apoio.</li></ul>\n<hr class=\"ai-section-divider\">\n\n<h2 class=\"ai-section-title\">Pontos de Atenção</h2>\n<ul><li>Ausência de rolamento espontâneo de barriga para bruços.</li><ul><li>Dificuldade em pegar objetos com uma mão e levar à boca.</li></ul>\n<hr class=\"ai-section-divider\">\n\n<h2 class=\"ai-section-title\">Recomendações</h2>\n\n<p>Considerando a ausência de rolamento e a dificuldade em manipular objetos com uma mão, é recomendável buscar uma avaliação profissional com um fisioterapeuta pediátrico ou pediatra. Uma avaliação detalhada pode identificar as causas dessas dificuldades e orientar intervenções adequadas para estimular o desenvolvimento motor do bebê.</p>\n</ul></ul></ul></div></div>\n        </div>\n        <div class=\"ai-error\" id=\"aiError\" style=\"display: none;\">\n            <h3>Erro na Análise</h3>\n            <div class=\"analysis-content error\" id=\"errorContent\"></div>\n        </div>\n    </div>","currentDate":"28/05/2025"}
[2025-05-28 17:32:14] --- generate_pdf.php (corrigido v2) accessed ---
[2025-05-28 17:32:14] Raw POST data received. Length: 21275 bytes
[2025-05-28 17:32:14] First 100 chars: {"questionFormHtml":"<h2>Questionário para bebê de 5 meses</h2>\n                <div class=\"ques
[2025-05-28 17:32:14] Last 100 chars:  <p id=\"professionals-error-message\"></p>\n        </div>\n    </div>","currentDate":"28/05/2025"}
[2025-05-28 17:32:14] JSON decoded successfully. Keys received: questionFormHtml, resultsHtml, currentDate
[2025-05-28 17:32:14] Field 'questionFormHtml' length: 3419 bytes
[2025-05-28 17:32:14] Field 'resultsHtml' length: 17032 bytes
[2025-05-28 17:32:14] Field 'currentDate' length: 10 bytes
[2025-05-28 17:32:14] Composer autoloader included.
[2025-05-28 17:32:14] PDF filename set to: relatorio-capturado-28-05-2025.pdf
[2025-05-28 17:32:14] Starting HTML generation...
[2025-05-28 17:32:14] HTML generation complete. Total length: 22642 chars.
[2025-05-28 17:32:14] Initializing mPDF...
[2025-05-28 17:32:14] mPDF temp directory set to: /tmp/mpdf_tmp
[2025-05-28 17:32:14] mPDF initialized. Setting properties...
[2025-05-28 17:32:14] Writing HTML to mPDF...
[2025-05-28 17:32:16] --- generate_pdf.php (corrigido v2) accessed ---
[2025-05-28 17:32:16] Raw POST data received. Length: 21275 bytes
[2025-05-28 17:32:16] First 100 chars: {"questionFormHtml":"<h2>Questionário para bebê de 5 meses</h2>\n                <div class=\"ques
[2025-05-28 17:32:16] Last 100 chars:  <p id=\"professionals-error-message\"></p>\n        </div>\n    </div>","currentDate":"28/05/2025"}
[2025-05-28 17:32:16] JSON decoded successfully. Keys received: questionFormHtml, resultsHtml, currentDate
[2025-05-28 17:32:16] Field 'questionFormHtml' length: 3419 bytes
[2025-05-28 17:32:16] Field 'resultsHtml' length: 17032 bytes
[2025-05-28 17:32:16] Field 'currentDate' length: 10 bytes
[2025-05-28 17:32:16] Composer autoloader included.
[2025-05-28 17:32:16] PDF filename set to: relatorio-capturado-28-05-2025.pdf
[2025-05-28 17:32:16] Starting HTML generation...
[2025-05-28 17:32:16] HTML generation complete. Total length: 22642 chars.
[2025-05-28 17:32:16] Initializing mPDF...
[2025-05-28 17:32:16] mPDF temp directory set to: /tmp/mpdf_tmp
[2025-05-28 17:32:16] mPDF initialized. Setting properties...
[2025-05-28 17:32:16] Writing HTML to mPDF...
[2025-05-28 17:32:21] HTML written to mPDF successfully.
[2025-05-28 17:32:21] Preparing PDF output...
[2025-05-28 17:32:21] Sending PDF to browser...
[2025-05-28 17:32:22] PDF output finished.
[2025-05-28 17:32:22] HTML written to mPDF successfully.
[2025-05-28 17:32:22] Preparing PDF output...
[2025-05-28 17:32:22] Sending PDF to browser...
[2025-05-28 17:32:22] PDF output finished.
[2025-05-28 17:37:53] --- generate_pdf_simplificado.php accessed ---
[2025-05-28 17:37:53] Raw POST data received. Length: 6092 bytes
[2025-05-28 17:37:53] JSON decoded successfully. Keys received: resultContentHtml, currentDate
[2025-05-28 17:37:53] Composer autoloader included.
[2025-05-28 17:37:53] PDF filename set to: relatorio-resultados-28-05-2025.pdf
[2025-05-28 17:37:53] Starting HTML generation...
[2025-05-28 17:37:53] HTML generation complete. Total length: 7083 chars.
[2025-05-28 17:37:53] Initializing mPDF...
[2025-05-28 17:37:53] mPDF temp directory set to: /tmp/mpdf_tmp
[2025-05-28 17:37:53] mPDF initialized. Setting properties...
[2025-05-28 17:37:53] Writing HTML to mPDF...
[2025-05-28 17:37:53] HTML written to mPDF successfully.
[2025-05-28 17:37:53] Preparing PDF output...
[2025-05-28 17:37:53] Sending PDF to browser...
[2025-05-28 17:37:53] PDF output finished.
[2025-05-28 17:43:00] --- generate_pdf_simplificado_v2.php accessed ---
[2025-05-28 17:43:00] Raw POST data received. Length: 4095 bytes
[2025-05-28 17:43:00] JSON decoded successfully. Keys received: resultContentHtml, currentDate
[2025-05-28 17:43:00] Composer autoloader included.
[2025-05-28 17:43:00] PDF filename set to: relatorio-resultados-28-05-2025.pdf
[2025-05-28 17:43:00] Starting HTML generation...
[2025-05-28 17:43:00] HTML generation complete. Total length: 6288 chars.
[2025-05-28 17:43:00] Initializing mPDF...
[2025-05-28 17:43:00] mPDF temp directory set to: /tmp/mpdf_tmp
[2025-05-28 17:43:00] mPDF initialized. Setting properties...
[2025-05-28 17:43:00] Writing HTML to mPDF...
[2025-05-28 17:43:00] HTML written to mPDF successfully.
[2025-05-28 17:43:00] Preparing PDF output...
[2025-05-28 17:43:00] Sending PDF to browser...
[2025-05-28 17:43:00] PDF output finished.
[2025-05-28 17:50:08] --- generate_pdf_simplificado_v3.php accessed ---
[2025-05-28 17:50:08] Raw POST data received. Length: 4114 bytes
[2025-05-28 17:50:08] JSON decoded successfully. Keys received: resultContentHtml, currentDate
[2025-05-28 17:50:08] Composer autoloader included.
[2025-05-28 17:50:08] PDF filename set to: relatorio-resultados-28-05-2025.pdf
[2025-05-28 17:50:08] Starting HTML generation...
[2025-05-28 17:50:08] HTML generation complete. Total length: 8191 chars.
[2025-05-28 17:50:08] Initializing mPDF...
[2025-05-28 17:50:08] mPDF temp directory set to: /tmp/mpdf_tmp
[2025-05-28 17:50:08] mPDF initialized. Setting properties...
[2025-05-28 17:50:08] Writing HTML to mPDF...
[2025-05-28 17:50:08] HTML written to mPDF successfully.
[2025-05-28 17:50:08] Preparing PDF output...
[2025-05-28 17:50:08] Sending PDF to browser...
[2025-05-28 17:50:08] PDF output finished.
[2025-05-28 17:53:02] --- generate_pdf_simplificado_v3.php accessed ---
[2025-05-28 17:53:02] Raw POST data received. Length: 6628 bytes
[2025-05-28 17:53:02] JSON decoded successfully. Keys received: resultContentHtml, currentDate
[2025-05-28 17:53:02] Composer autoloader included.
[2025-05-28 17:53:02] PDF filename set to: relatorio-resultados-28-05-2025.pdf
[2025-05-28 17:53:02] Starting HTML generation...
[2025-05-28 17:53:02] HTML generation complete. Total length: 11006 chars.
[2025-05-28 17:53:02] Initializing mPDF...
[2025-05-28 17:53:02] mPDF temp directory set to: /tmp/mpdf_tmp
[2025-05-28 17:53:02] mPDF initialized. Setting properties...
[2025-05-28 17:53:02] Writing HTML to mPDF...
[2025-05-28 17:53:02] HTML written to mPDF successfully.
[2025-05-28 17:53:02] Preparing PDF output...
[2025-05-28 17:53:02] Sending PDF to browser...
[2025-05-28 17:53:03] PDF output finished.
[2025-05-28 17:53:49] --- generate_pdf_simplificado_v3.php accessed ---
[2025-05-28 17:53:49] Raw POST data received. Length: 6628 bytes
[2025-05-28 17:53:49] JSON decoded successfully. Keys received: resultContentHtml, currentDate
[2025-05-28 17:53:49] Composer autoloader included.
[2025-05-28 17:53:49] PDF filename set to: relatorio-resultados-28-05-2025.pdf
[2025-05-28 17:53:49] Starting HTML generation...
[2025-05-28 17:53:49] HTML generation complete. Total length: 11006 chars.
[2025-05-28 17:53:49] Initializing mPDF...
[2025-05-28 17:53:49] mPDF temp directory set to: /tmp/mpdf_tmp
[2025-05-28 17:53:49] mPDF initialized. Setting properties...
[2025-05-28 17:53:49] Writing HTML to mPDF...
[2025-05-28 17:53:49] HTML written to mPDF successfully.
[2025-05-28 17:53:49] Preparing PDF output...
[2025-05-28 17:53:49] Sending PDF to browser...
[2025-05-28 17:53:49] PDF output finished.
[2025-05-28 17:55:52] --- generate_pdf_simplificado_v3.php accessed ---
[2025-05-28 17:55:52] Raw POST data received. Length: 6979 bytes
[2025-05-28 17:55:52] JSON decoded successfully. Keys received: resultContentHtml, currentDate
[2025-05-28 17:55:52] Composer autoloader included.
[2025-05-28 17:55:52] PDF filename set to: relatorio-resultados-28-05-2025.pdf
[2025-05-28 17:55:52] Starting HTML generation...
[2025-05-28 17:55:52] HTML generation complete. Total length: 11230 chars.
[2025-05-28 17:55:52] Initializing mPDF...
[2025-05-28 17:55:52] mPDF temp directory set to: /tmp/mpdf_tmp
[2025-05-28 17:55:52] mPDF initialized. Setting properties...
[2025-05-28 17:55:52] Writing HTML to mPDF...
[2025-05-28 17:55:52] HTML written to mPDF successfully.
[2025-05-28 17:55:52] Preparing PDF output...
[2025-05-28 17:55:52] Sending PDF to browser...
[2025-05-28 17:55:52] PDF output finished.
[2025-05-28 18:00:03] --- generate_pdf_simplificado_v3.php accessed ---
[2025-05-28 18:00:03] Raw POST data received. Length: 6752 bytes
[2025-05-28 18:00:03] JSON decoded successfully. Keys received: resultContentHtml, currentDate
[2025-05-28 18:00:03] Composer autoloader included.
[2025-05-28 18:00:03] PDF filename set to: relatorio-resultados-28-05-2025.pdf
[2025-05-28 18:00:03] Starting HTML generation...
[2025-05-28 18:00:03] HTML generation complete. Total length: 11128 chars.
[2025-05-28 18:00:03] Initializing mPDF...
[2025-05-28 18:00:03] mPDF temp directory set to: /tmp/mpdf_tmp
[2025-05-28 18:00:03] mPDF initialized. Setting properties...
[2025-05-28 18:00:03] Writing HTML to mPDF...
[2025-05-28 18:00:03] HTML written to mPDF successfully.
[2025-05-28 18:00:03] Preparing PDF output...
[2025-05-28 18:00:03] Sending PDF to browser...
[2025-05-28 18:00:03] PDF output finished.
[2025-05-28 18:01:48] --- generate_pdf_simplificado_v3.php accessed ---
[2025-05-28 18:01:48] Raw POST data received. Length: 6799 bytes
[2025-05-28 18:01:48] JSON decoded successfully. Keys received: resultContentHtml, currentDate
[2025-05-28 18:01:48] Composer autoloader included.
[2025-05-28 18:01:48] PDF filename set to: relatorio-resultados-28-05-2025.pdf
[2025-05-28 18:01:48] Starting HTML generation...
[2025-05-28 18:01:48] HTML generation complete. Total length: 10918 chars.
[2025-05-28 18:01:48] Initializing mPDF...
[2025-05-28 18:01:48] mPDF temp directory set to: /tmp/mpdf_tmp
[2025-05-28 18:01:48] mPDF initialized. Setting properties...
[2025-05-28 18:01:48] Writing HTML to mPDF...
[2025-05-28 18:01:48] HTML written to mPDF successfully.
[2025-05-28 18:01:48] Preparing PDF output...
[2025-05-28 18:01:48] Sending PDF to browser...
[2025-05-28 18:01:48] PDF output finished.
[2025-05-28 18:03:27] --- generate_pdf_simplificado_v3.php accessed ---
[2025-05-28 18:03:27] Raw POST data received. Length: 6527 bytes
[2025-05-28 18:03:27] JSON decoded successfully. Keys received: resultContentHtml, currentDate
[2025-05-28 18:03:27] Composer autoloader included.
[2025-05-28 18:03:27] PDF filename set to: relatorio-resultados-28-05-2025.pdf
[2025-05-28 18:03:27] Starting HTML generation...
[2025-05-28 18:03:27] HTML generation complete. Total length: 10854 chars.
[2025-05-28 18:03:27] Initializing mPDF...
[2025-05-28 18:03:27] mPDF temp directory set to: /tmp/mpdf_tmp
[2025-05-28 18:03:27] mPDF initialized. Setting properties...
[2025-05-28 18:03:27] Writing HTML to mPDF...
[2025-05-28 18:03:27] HTML written to mPDF successfully.
[2025-05-28 18:03:27] Preparing PDF output...
[2025-05-28 18:03:27] Sending PDF to browser...
[2025-05-28 18:03:28] PDF output finished.
[2025-05-28 18:06:44] --- generate_pdf_simplificado_v3.php accessed ---
[2025-05-28 18:06:44] Raw POST data received. Length: 6090 bytes
[2025-05-28 18:06:44] JSON decoded successfully. Keys received: resultContentHtml, currentDate
[2025-05-28 18:06:44] Composer autoloader included.
[2025-05-28 18:06:44] PDF filename set to: relatorio-resultados-28-05-2025.pdf
[2025-05-28 18:06:44] Starting HTML generation...
[2025-05-28 18:06:44] HTML generation complete. Total length: 10288 chars.
[2025-05-28 18:06:44] Initializing mPDF...
[2025-05-28 18:06:44] mPDF temp directory set to: /tmp/mpdf_tmp
[2025-05-28 18:06:44] mPDF initialized. Setting properties...
[2025-05-28 18:06:44] Writing HTML to mPDF...
[2025-05-28 18:06:44] HTML written to mPDF successfully.
[2025-05-28 18:06:44] Preparing PDF output...
[2025-05-28 18:06:44] Sending PDF to browser...
[2025-05-28 18:06:44] PDF output finished.
[2025-05-28 18:21:29] --- generate_pdf_simplificado_v3.php accessed ---
[2025-05-28 18:21:29] Raw POST data received. Length: 5059 bytes
[2025-05-28 18:21:29] JSON decoded successfully. Keys received: resultContentHtml, currentDate
[2025-05-28 18:21:29] Composer autoloader included.
[2025-05-28 18:21:29] PDF filename set to: relatorio-resultados-28-05-2025.pdf
[2025-05-28 18:21:29] Starting HTML generation...
[2025-05-28 18:21:29] HTML generation complete. Total length: 9102 chars.
[2025-05-28 18:21:29] Initializing mPDF...
[2025-05-28 18:21:29] mPDF temp directory set to: /tmp/mpdf_tmp
[2025-05-28 18:21:29] mPDF initialized. Setting properties...
[2025-05-28 18:21:29] Writing HTML to mPDF...
[2025-05-28 18:21:29] HTML written to mPDF successfully.
[2025-05-28 18:21:29] Preparing PDF output...
[2025-05-28 18:21:29] Sending PDF to browser...
[2025-05-28 18:21:30] PDF output finished.
[2025-05-28 18:23:46] --- generate_pdf_simplificado_v3.php accessed ---
[2025-05-28 18:23:46] Raw POST data received. Length: 4196 bytes
[2025-05-28 18:23:46] JSON decoded successfully. Keys received: resultContentHtml, currentDate
[2025-05-28 18:23:46] Composer autoloader included.
[2025-05-28 18:23:46] PDF filename set to: relatorio-resultados-28-05-2025.pdf
[2025-05-28 18:23:46] Starting HTML generation...
[2025-05-28 18:23:46] HTML generation complete. Total length: 8041 chars.
[2025-05-28 18:23:46] Initializing mPDF...
[2025-05-28 18:23:46] mPDF temp directory set to: /tmp/mpdf_tmp
[2025-05-28 18:23:46] mPDF initialized. Setting properties...
[2025-05-28 18:23:46] Writing HTML to mPDF...
[2025-05-28 18:23:46] HTML written to mPDF successfully.
[2025-05-28 18:23:46] Preparing PDF output...
[2025-05-28 18:23:46] Sending PDF to browser...
[2025-05-28 18:23:46] PDF output finished.
[2025-05-29 11:12:12] --- generate_pdf_simplificado_v3.php accessed ---
[2025-05-29 11:12:12] Raw POST data received. Length: 4068 bytes
[2025-05-29 11:12:12] JSON decoded successfully. Keys received: resultContentHtml, currentDate
[2025-05-29 11:12:12] Composer autoloader included.
[2025-05-29 11:12:12] PDF filename set to: relatorio-resultados-29-05-2025.pdf
[2025-05-29 11:12:12] Starting HTML generation...
[2025-05-29 11:12:12] HTML generation complete. Total length: 7983 chars.
[2025-05-29 11:12:12] Initializing mPDF...
[2025-05-29 11:12:12] mPDF temp directory set to: /tmp/mpdf_tmp
[2025-05-29 11:12:12] mPDF initialized. Setting properties...
[2025-05-29 11:12:12] Writing HTML to mPDF...
[2025-05-29 11:12:12] HTML written to mPDF successfully.
[2025-05-29 11:12:12] Preparing PDF output...
[2025-05-29 11:12:12] Sending PDF to browser...
[2025-05-29 11:12:12] PDF output finished.
[2025-05-29 11:14:05] --- generate_pdf_simplificado_v3.php accessed ---
[2025-05-29 11:14:05] Raw POST data received. Length: 4068 bytes
[2025-05-29 11:14:05] JSON decoded successfully. Keys received: resultContentHtml, currentDate
[2025-05-29 11:14:05] Composer autoloader included.
[2025-05-29 11:14:05] PDF filename set to: relatorio-resultados-29-05-2025.pdf
[2025-05-29 11:14:05] Starting HTML generation...
[2025-05-29 11:14:05] HTML generation complete. Total length: 7983 chars.
[2025-05-29 11:14:05] Initializing mPDF...
[2025-05-29 11:14:05] mPDF temp directory set to: /tmp/mpdf_tmp
[2025-05-29 11:14:05] mPDF initialized. Setting properties...
[2025-05-29 11:14:05] Writing HTML to mPDF...
[2025-05-29 11:14:05] HTML written to mPDF successfully.
[2025-05-29 11:14:05] Preparing PDF output...
[2025-05-29 11:14:05] Sending PDF to browser...
[2025-05-29 11:14:05] PDF output finished.
[2025-05-29 17:55:22] --- generate_pdf_simplificado_v3.php accessed ---
[2025-05-29 17:55:22] Raw POST data received. Length: 5274 bytes
[2025-05-29 17:55:22] JSON decoded successfully. Keys received: resultContentHtml, currentDate
[2025-05-29 17:55:22] Composer autoloader included.
[2025-05-29 17:55:22] PDF filename set to: relatorio-resultados-29-05-2025.pdf
[2025-05-29 17:55:22] Starting HTML generation...
[2025-05-29 17:55:22] HTML generation complete. Total length: 9411 chars.
[2025-05-29 17:55:22] Initializing mPDF...
[2025-05-29 17:55:22] mPDF temp directory set to: /tmp/mpdf_tmp
[2025-05-29 17:55:22] mPDF initialized. Setting properties...
[2025-05-29 17:55:22] Writing HTML to mPDF...
[2025-05-29 17:55:22] HTML written to mPDF successfully.
[2025-05-29 17:55:22] Preparing PDF output...
[2025-05-29 17:55:22] Sending PDF to browser...
[2025-05-29 17:55:22] PDF output finished.
[2025-05-30 11:23:14] --- generate_pdf_simplificado_v3.php accessed ---
[2025-05-30 11:23:14] Raw POST data received. Length: 265 bytes
[2025-05-30 11:23:14] JSON decoded successfully. Keys received: resultContentHtml, currentDate
[2025-05-30 11:23:14] Composer autoloader included.
[2025-05-30 11:23:14] PDF filename set to: relatorio-resultados-30-05-2025.pdf
[2025-05-30 11:23:14] Starting HTML generation...
[2025-05-30 11:23:14] HTML generation complete. Total length: 3297 chars.
[2025-05-30 11:23:14] Initializing mPDF...
[2025-05-30 11:23:14] mPDF temp directory set to: /tmp/mpdf_tmp
[2025-05-30 11:23:14] mPDF initialized. Setting properties...
[2025-05-30 11:23:14] Writing HTML to mPDF...
[2025-05-30 11:23:14] HTML written to mPDF successfully.
[2025-05-30 11:23:14] Preparing PDF output...
[2025-05-30 11:23:14] Sending PDF to browser...
[2025-05-30 11:23:14] PDF output finished.
[2025-05-30 12:37:35] --- generate_pdf_simplificado_v3.php accessed ---
[2025-05-30 12:37:35] Raw POST data received. Length: 5664 bytes
[2025-05-30 12:37:35] JSON decoded successfully. Keys received: resultContentHtml, currentDate
[2025-05-30 12:37:35] Composer autoloader included.
[2025-05-30 12:37:35] PDF filename set to: relatorio-resultados-30-05-2025.pdf
[2025-05-30 12:37:35] Starting HTML generation...
[2025-05-30 12:37:35] HTML generation complete. Total length: 9874 chars.
[2025-05-30 12:37:35] Initializing mPDF...
[2025-05-30 12:37:35] mPDF temp directory set to: /tmp/mpdf_tmp
[2025-05-30 12:37:36] mPDF initialized. Setting properties...
[2025-05-30 12:37:36] Writing HTML to mPDF...
[2025-05-30 12:37:36] HTML written to mPDF successfully.
[2025-05-30 12:37:36] Preparing PDF output...
[2025-05-30 12:37:36] Sending PDF to browser...
[2025-05-30 12:37:36] PDF output finished.
[2025-05-30 12:48:07] --- generate_pdf_simplificado_v3.php accessed ---
[2025-05-30 12:48:07] Raw POST data received. Length: 4013 bytes
[2025-05-30 12:48:07] JSON decoded successfully. Keys received: resultContentHtml, currentDate
[2025-05-30 12:48:07] Composer autoloader included.
[2025-05-30 12:48:07] PDF filename set to: relatorio-resultados-30-05-2025.pdf
[2025-05-30 12:48:07] Starting HTML generation...
[2025-05-30 12:48:07] HTML generation complete. Total length: 7858 chars.
[2025-05-30 12:48:07] Initializing mPDF...
[2025-05-30 12:48:07] mPDF temp directory set to: /tmp/mpdf_tmp
[2025-05-30 12:48:07] mPDF initialized. Setting properties...
[2025-05-30 12:48:07] Writing HTML to mPDF...
[2025-05-30 12:48:07] HTML written to mPDF successfully.
[2025-05-30 12:48:07] Preparing PDF output...
[2025-05-30 12:48:07] Sending PDF to browser...
[2025-05-30 12:48:07] PDF output finished.
[2025-05-30 12:59:34] --- generate_pdf_simplificado_v3.php accessed ---
[2025-05-30 12:59:34] Raw POST data received. Length: 6288 bytes
[2025-05-30 12:59:34] JSON decoded successfully. Keys received: resultContentHtml, currentDate
[2025-05-30 12:59:34] Composer autoloader included.
[2025-05-30 12:59:34] PDF filename set to: relatorio-resultados-30-05-2025.pdf
[2025-05-30 12:59:34] Starting HTML generation...
[2025-05-30 12:59:34] HTML generation complete. Total length: 10458 chars.
[2025-05-30 12:59:34] Initializing mPDF...
[2025-05-30 12:59:34] mPDF temp directory set to: /tmp/mpdf_tmp
[2025-05-30 12:59:34] mPDF initialized. Setting properties...
[2025-05-30 12:59:34] Writing HTML to mPDF...
[2025-05-30 12:59:34] HTML written to mPDF successfully.
[2025-05-30 12:59:34] Preparing PDF output...
[2025-05-30 12:59:34] Sending PDF to browser...
[2025-05-30 12:59:34] PDF output finished.
[2025-05-30 13:12:28] --- generate_pdf_simplificado_v3.php accessed ---
[2025-05-30 13:12:28] Raw POST data received. Length: 5202 bytes
[2025-05-30 13:12:28] JSON decoded successfully. Keys received: resultContentHtml, currentDate
[2025-05-30 13:12:28] Composer autoloader included.
[2025-05-30 13:12:28] PDF filename set to: relatorio-resultados-30-05-2025.pdf
[2025-05-30 13:12:28] Starting HTML generation...
[2025-05-30 13:12:28] HTML generation complete. Total length: 9295 chars.
[2025-05-30 13:12:28] Initializing mPDF...
[2025-05-30 13:12:28] mPDF temp directory set to: /tmp/mpdf_tmp
[2025-05-30 13:12:28] mPDF initialized. Setting properties...
[2025-05-30 13:12:28] Writing HTML to mPDF...
[2025-05-30 13:12:28] HTML written to mPDF successfully.
[2025-05-30 13:12:28] Preparing PDF output...
[2025-05-30 13:12:28] Sending PDF to browser...
[2025-05-30 13:12:28] PDF output finished.
[2025-05-30 13:18:29] --- generate_pdf_simplificado_v3.php accessed ---
[2025-05-30 13:18:29] Raw POST data received. Length: 6482 bytes
[2025-05-30 13:18:29] JSON decoded successfully. Keys received: resultContentHtml, currentDate
[2025-05-30 13:18:29] Composer autoloader included.
[2025-05-30 13:18:29] PDF filename set to: relatorio-resultados-30-05-2025.pdf
[2025-05-30 13:18:29] Starting HTML generation...
[2025-05-30 13:18:29] HTML generation complete. Total length: 10855 chars.
[2025-05-30 13:18:29] Initializing mPDF...
[2025-05-30 13:18:29] mPDF temp directory set to: /tmp/mpdf_tmp
[2025-05-30 13:18:29] mPDF initialized. Setting properties...
[2025-05-30 13:18:29] Writing HTML to mPDF...
[2025-05-30 13:18:29] HTML written to mPDF successfully.
[2025-05-30 13:18:29] Preparing PDF output...
[2025-05-30 13:18:29] Sending PDF to browser...
[2025-05-30 13:18:29] PDF output finished.
[2025-05-30 13:19:46] --- generate_pdf_simplificado_v3.php accessed ---
[2025-05-30 13:19:46] Raw POST data received. Length: 4979 bytes
[2025-05-30 13:19:46] JSON decoded successfully. Keys received: resultContentHtml, currentDate
[2025-05-30 13:19:46] Composer autoloader included.
[2025-05-30 13:19:46] PDF filename set to: relatorio-resultados-30-05-2025.pdf
[2025-05-30 13:19:46] Starting HTML generation...
[2025-05-30 13:19:46] HTML generation complete. Total length: 8931 chars.
[2025-05-30 13:19:46] Initializing mPDF...
[2025-05-30 13:19:46] mPDF temp directory set to: /tmp/mpdf_tmp
[2025-05-30 13:19:46] mPDF initialized. Setting properties...
[2025-05-30 13:19:46] Writing HTML to mPDF...
[2025-05-30 13:19:46] HTML written to mPDF successfully.
[2025-05-30 13:19:46] Preparing PDF output...
[2025-05-30 13:19:46] Sending PDF to browser...
[2025-05-30 13:19:46] PDF output finished.
[2025-05-30 13:23:51] --- generate_pdf_simplificado_v3.php accessed ---
[2025-05-30 13:23:51] Raw POST data received. Length: 4403 bytes
[2025-05-30 13:23:51] JSON decoded successfully. Keys received: resultContentHtml, currentDate
[2025-05-30 13:23:51] Composer autoloader included.
[2025-05-30 13:23:51] PDF filename set to: relatorio-resultados-30-05-2025.pdf
[2025-05-30 13:23:51] Starting HTML generation...
[2025-05-30 13:23:51] HTML generation complete. Total length: 8169 chars.
[2025-05-30 13:23:51] Initializing mPDF...
[2025-05-30 13:23:51] mPDF temp directory set to: /tmp/mpdf_tmp
[2025-05-30 13:23:51] mPDF initialized. Setting properties...
[2025-05-30 13:23:51] Writing HTML to mPDF...
[2025-05-30 13:23:51] HTML written to mPDF successfully.
[2025-05-30 13:23:51] Preparing PDF output...
[2025-05-30 13:23:51] Sending PDF to browser...
[2025-05-30 13:23:51] PDF output finished.
[2025-05-30 14:10:41] --- generate_pdf_from_db.php accessed ---
[2025-05-30 14:10:41] Generating PDF for evaluation ID: 7
[2025-05-30 14:10:41] Error: Evaluation not found for ID: 7
[30-May-2025 14:10:41 UTC] Erro ao gerar PDF automaticamente para avaliação ID: 7
[2025-05-30 14:10:44] --- generate_pdf_simplificado_v3.php accessed ---
[2025-05-30 14:10:44] Raw POST data received. Length: 4670 bytes
[2025-05-30 14:10:44] JSON decoded successfully. Keys received: resultContentHtml, currentDate
[2025-05-30 14:10:44] Composer autoloader included.
[2025-05-30 14:10:44] PDF filename set to: relatorio-resultados-30-05-2025.pdf
[2025-05-30 14:10:44] Starting HTML generation...
[2025-05-30 14:10:44] HTML generation complete. Total length: 8477 chars.
[2025-05-30 14:10:44] Initializing mPDF...
[2025-05-30 14:10:44] mPDF temp directory set to: /tmp/mpdf_tmp
[2025-05-30 14:10:44] mPDF initialized. Setting properties...
[2025-05-30 14:10:44] Writing HTML to mPDF...
[2025-05-30 14:10:44] HTML written to mPDF successfully.
[2025-05-30 14:10:44] Preparing PDF output...
[2025-05-30 14:10:44] Sending PDF to browser...
[2025-05-30 14:10:44] PDF output finished.
[2025-05-30 14:10:53] --- generate_pdf_from_db.php accessed ---
[2025-05-30 14:10:54] Generating PDF for evaluation ID: 7
[2025-05-30 14:10:54] Evaluation data retrieved successfully
[2025-05-30 14:10:54] PDF filename set to: relatorio-Mateus-30-05-2025.pdf
[2025-05-30 14:13:01] --- generate_pdf_from_db.php accessed ---
[2025-05-30 14:13:01] Generating PDF for evaluation ID: 6
[2025-05-30 14:13:01] Evaluation data retrieved successfully
[2025-05-30 14:13:01] PDF filename set to: relatorio-leo-30-05-2025.pdf
[2025-05-30 14:13:12] --- generate_pdf_from_db.php accessed ---
[2025-05-30 14:13:12] Generating PDF for evaluation ID: 4
[2025-05-30 14:13:12] Evaluation data retrieved successfully
[2025-05-30 14:13:12] PDF filename set to: relatorio-jos-30-05-2025.pdf
[2025-05-30 14:13:51] --- generate_pdf_from_db.php accessed ---
[2025-05-30 14:13:51] Generating PDF for evaluation ID: 1
[2025-05-30 14:13:51] Evaluation data retrieved successfully
[2025-05-30 14:13:51] PDF filename set to: relatorio-Mateus-30-05-2025.pdf
[2025-05-30 14:18:08] --- generate_pdf_from_db.php accessed ---
[2025-05-30 14:18:08] Generating PDF for evaluation ID: 7
[2025-05-30 14:18:08] Evaluation data retrieved successfully
[2025-05-30 14:18:08] PDF filename set to: relatorio-Mateus-30-05-2025.pdf
[2025-05-30 14:32:23] --- generate_pdf_simplificado_v3.php accessed ---
[2025-05-30 14:32:23] Raw POST data received. Length: 4252 bytes
[2025-05-30 14:32:23] JSON decoded successfully. Keys received: resultContentHtml, currentDate
[2025-05-30 14:32:23] Composer autoloader included.
[2025-05-30 14:32:23] PDF filename set to: relatorio-resultados-30-05-2025.pdf
[2025-05-30 14:32:23] Starting HTML generation...
[2025-05-30 14:32:23] HTML generation complete. Total length: 8294 chars.
[2025-05-30 14:32:23] Initializing mPDF...
[2025-05-30 14:32:23] mPDF temp directory set to: /tmp/mpdf_tmp
[2025-05-30 14:32:23] mPDF initialized. Setting properties...
[2025-05-30 14:32:23] Writing HTML to mPDF...
[2025-05-30 14:32:23] HTML written to mPDF successfully.
[2025-05-30 14:32:23] Preparing PDF output...
[2025-05-30 14:32:23] Sending PDF to browser...
[2025-05-30 14:32:23] PDF output finished.
[2025-05-30 15:17:55] --- generate_pdf_simplificado_v3.php accessed ---
[2025-05-30 15:17:55] Raw POST data received. Length: 5836 bytes
[2025-05-30 15:17:55] JSON decoded successfully. Keys received: resultContentHtml, currentDate
[2025-05-30 15:17:55] Composer autoloader included.
[2025-05-30 15:17:55] PDF filename set to: relatorio-resultados-30-05-2025.pdf
[2025-05-30 15:17:55] Starting HTML generation...
[2025-05-30 15:17:55] HTML generation complete. Total length: 10007 chars.
[2025-05-30 15:17:55] Initializing mPDF...
[2025-05-30 15:17:55] mPDF temp directory set to: /tmp/mpdf_tmp
[2025-05-30 15:17:55] mPDF initialized. Setting properties...
[2025-05-30 15:17:55] Writing HTML to mPDF...
[2025-05-30 15:17:55] HTML written to mPDF successfully.
[2025-05-30 15:17:55] Preparing PDF output...
[2025-05-30 15:17:55] Sending PDF to browser...
[2025-05-30 15:17:55] PDF output finished.
[2025-05-30 16:00:58] --- generate_pdf_simplificado_v3.php accessed ---
[2025-05-30 16:00:58] Raw POST data received. Length: 4486 bytes
[2025-05-30 16:00:58] JSON decoded successfully. Keys received: resultContentHtml, currentDate
[2025-05-30 16:00:58] Composer autoloader included.
[2025-05-30 16:00:58] PDF filename set to: relatorio-resultados-30-05-2025.pdf
[2025-05-30 16:00:58] Starting HTML generation...
[2025-05-30 16:00:58] HTML generation complete. Total length: 8642 chars.
[2025-05-30 16:00:58] Initializing mPDF...
[2025-05-30 16:00:58] mPDF temp directory set to: /tmp/mpdf_tmp
[2025-05-30 16:00:59] mPDF initialized. Setting properties...
[2025-05-30 16:00:59] Writing HTML to mPDF...
[2025-05-30 16:00:59] HTML written to mPDF successfully.
[2025-05-30 16:00:59] Preparing PDF output...
[2025-05-30 16:00:59] Sending PDF to browser...
[2025-05-30 16:00:59] PDF output finished.
[2025-05-31 19:40:51] --- generate_pdf_simplificado_v3.php accessed ---
[2025-05-31 19:40:51] Raw POST data received. Length: 4359 bytes
[2025-05-31 19:40:51] JSON decoded successfully. Keys received: resultContentHtml, currentDate
[2025-05-31 19:40:51] Composer autoloader included.
[2025-05-31 19:40:51] PDF filename set to: relatorio-resultados-31-05-2025.pdf
[2025-05-31 19:40:51] Starting HTML generation...
[2025-05-31 19:40:51] HTML generation complete. Total length: 8246 chars.
[2025-05-31 19:40:51] Initializing mPDF...
[2025-05-31 19:40:51] mPDF temp directory set to: /tmp/mpdf_tmp
[2025-05-31 19:40:51] mPDF initialized. Setting properties...
[2025-05-31 19:40:51] Writing HTML to mPDF...
[2025-05-31 19:40:51] HTML written to mPDF successfully.
[2025-05-31 19:40:51] Preparing PDF output...
[2025-05-31 19:40:51] Sending PDF to browser...
[2025-05-31 19:40:51] PDF output finished.
[2025-06-02 11:10:30] --- generate_pdf_simplificado_v3.php accessed ---
[2025-06-02 11:10:30] Raw POST data received. Length: 4512 bytes
[2025-06-02 11:10:30] JSON decoded successfully. Keys received: resultContentHtml, currentDate
[2025-06-02 11:10:30] Composer autoloader included.
[2025-06-02 11:10:30] PDF filename set to: relatorio-resultados-02-06-2025.pdf
[2025-06-02 11:10:30] Starting HTML generation...
[2025-06-02 11:10:30] HTML generation complete. Total length: 8437 chars.
[2025-06-02 11:10:30] Initializing mPDF...
[2025-06-02 11:10:30] mPDF temp directory set to: /tmp/mpdf_tmp
[2025-06-02 11:10:30] mPDF initialized. Setting properties...
[2025-06-02 11:10:30] Writing HTML to mPDF...
[2025-06-02 11:10:30] HTML written to mPDF successfully.
[2025-06-02 11:10:30] Preparing PDF output...
[2025-06-02 11:10:30] Sending PDF to browser...
[2025-06-02 11:10:30] PDF output finished.
[2025-06-03 00:44:21] --- generate_pdf_simplificado_v3.php accessed ---
[2025-06-03 00:44:21] Raw POST data received. Length: 4313 bytes
[2025-06-03 00:44:21] JSON decoded successfully. Keys received: resultContentHtml, currentDate
[2025-06-03 00:44:21] Composer autoloader included.
[2025-06-03 00:44:21] PDF filename set to: relatorio-resultados-02-06-2025.pdf
[2025-06-03 00:44:21] Starting HTML generation...
[2025-06-03 00:44:21] HTML generation complete. Total length: 8158 chars.
[2025-06-03 00:44:21] Initializing mPDF...
[2025-06-03 00:44:21] mPDF temp directory set to: /tmp/mpdf_tmp
[2025-06-03 00:44:21] mPDF initialized. Setting properties...
[2025-06-03 00:44:21] Writing HTML to mPDF...
[2025-06-03 00:44:21] HTML written to mPDF successfully.
[2025-06-03 00:44:21] Preparing PDF output...
[2025-06-03 00:44:21] Sending PDF to browser...
[2025-06-03 00:44:21] PDF output finished.
[2025-06-03 00:46:22] --- generate_pdf_simplificado_v3.php accessed ---
[2025-06-03 00:46:22] Raw POST data received. Length: 2701 bytes
[2025-06-03 00:46:22] JSON decoded successfully. Keys received: resultContentHtml, currentDate
[2025-06-03 00:46:22] Composer autoloader included.
[2025-06-03 00:46:22] PDF filename set to: relatorio-resultados-02-06-2025.pdf
[2025-06-03 00:46:22] Starting HTML generation...
[2025-06-03 00:46:22] HTML generation complete. Total length: 6239 chars.
[2025-06-03 00:46:22] Initializing mPDF...
[2025-06-03 00:46:22] mPDF temp directory set to: /tmp/mpdf_tmp
[2025-06-03 00:46:22] mPDF initialized. Setting properties...
[2025-06-03 00:46:22] Writing HTML to mPDF...
[2025-06-03 00:46:22] HTML written to mPDF successfully.
[2025-06-03 00:46:22] Preparing PDF output...
[2025-06-03 00:46:22] Sending PDF to browser...
[2025-06-03 00:46:22] PDF output finished.
[2025-06-03 15:14:53] --- generate_pdf_simplificado_v3.php accessed ---
[2025-06-03 15:14:53] Raw POST data received. Length: 5767 bytes
[2025-06-03 15:14:53] JSON decoded successfully. Keys received: resultContentHtml, currentDate
[2025-06-03 15:14:53] Composer autoloader included.
[2025-06-03 15:14:53] PDF filename set to: relatorio-resultados-03-06-2025.pdf
[2025-06-03 15:14:53] Starting HTML generation...
[2025-06-03 15:14:53] HTML generation complete. Total length: 10089 chars.
[2025-06-03 15:14:53] Initializing mPDF...
[2025-06-03 15:14:53] mPDF temp directory set to: /tmp/mpdf_tmp
[2025-06-03 15:14:53] mPDF initialized. Setting properties...
[2025-06-03 15:14:53] Writing HTML to mPDF...
[2025-06-03 15:14:53] HTML written to mPDF successfully.
[2025-06-03 15:14:53] Preparing PDF output...
[2025-06-03 15:14:53] Sending PDF to browser...
[2025-06-03 15:14:53] PDF output finished.
[2025-06-07 00:36:25] --- generate_pdf_simplificado_v3.php accessed ---
[2025-06-07 00:36:25] Raw POST data received. Length: 4592 bytes
[2025-06-07 00:36:25] JSON decoded successfully. Keys received: resultContentHtml, currentDate
[2025-06-07 00:36:25] Composer autoloader included.
[2025-06-07 00:36:25] PDF filename set to: relatorio-resultados-06-06-2025.pdf
[2025-06-07 00:36:25] Starting HTML generation...
[2025-06-07 00:36:25] HTML generation complete. Total length: 8563 chars.
[2025-06-07 00:36:25] Initializing mPDF...
[2025-06-07 00:36:25] mPDF temp directory set to: /tmp/mpdf_tmp
[2025-06-07 00:36:26] mPDF initialized. Setting properties...
[2025-06-07 00:36:26] Writing HTML to mPDF...
[2025-06-07 00:36:26] HTML written to mPDF successfully.
[2025-06-07 00:36:26] Preparing PDF output...
[2025-06-07 00:36:26] Sending PDF to browser...
[2025-06-07 00:36:26] PDF output finished.
[2025-06-16 11:18:27] --- generate_pdf_simplificado_v3.php accessed ---
[2025-06-16 11:18:27] Raw POST data received. Length: 4136 bytes
[2025-06-16 11:18:27] JSON decoded successfully. Keys received: resultContentHtml, currentDate
[2025-06-16 11:18:27] Composer autoloader included.
[2025-06-16 11:18:27] PDF filename set to: relatorio-resultados-16-06-2025.pdf
[2025-06-16 11:18:27] Starting HTML generation...
[2025-06-16 11:18:27] HTML generation complete. Total length: 8258 chars.
[2025-06-16 11:18:27] Initializing mPDF...
[2025-06-16 11:18:27] mPDF temp directory set to: /tmp/mpdf_tmp
[2025-06-16 11:18:27] mPDF initialized. Setting properties...
[2025-06-16 11:18:27] Writing HTML to mPDF...
[2025-06-16 11:18:28] HTML written to mPDF successfully.
[2025-06-16 11:18:28] Preparing PDF output...
[2025-06-16 11:18:28] Sending PDF to browser...
[2025-06-16 11:18:28] PDF output finished.
[2025-06-25 11:12:46] --- generate_pdf_simplificado_v3.php accessed ---
[2025-06-25 11:12:46] Raw POST data received. Length: 4774 bytes
[2025-06-25 11:12:46] JSON decoded successfully. Keys received: resultContentHtml, currentDate
[2025-06-25 11:12:46] Composer autoloader included.
[2025-06-25 11:12:46] PDF filename set to: relatorio-resultados-25-06-2025.pdf
[2025-06-25 11:12:46] Starting HTML generation...
[2025-06-25 11:12:46] HTML generation complete. Total length: 8858 chars.
[2025-06-25 11:12:46] Initializing mPDF...
[2025-06-25 11:12:46] mPDF temp directory set to: /tmp/mpdf_tmp
[2025-06-25 11:12:46] mPDF initialized. Setting properties...
[2025-06-25 11:12:46] Writing HTML to mPDF...
[2025-06-25 11:12:47] HTML written to mPDF successfully.
[2025-06-25 11:12:47] Preparing PDF output...
[2025-06-25 11:12:47] Sending PDF to browser...
[2025-06-25 11:12:47] PDF output finished.
[2025-07-06 21:58:01] --- generate_pdf_simplificado_v3.php accessed ---
[2025-07-06 21:58:01] Raw POST data received. Length: 5607 bytes
[2025-07-06 21:58:01] JSON decoded successfully. Keys received: resultContentHtml, currentDate
[2025-07-06 21:58:01] Composer autoloader included.
[2025-07-06 21:58:01] PDF filename set to: relatorio-resultados-06-07-2025.pdf
[2025-07-06 21:58:01] Starting HTML generation...
[2025-07-06 21:58:01] HTML generation complete. Total length: 9789 chars.
[2025-07-06 21:58:01] Initializing mPDF...
[2025-07-06 21:58:01] mPDF temp directory set to: /tmp/mpdf_tmp
[2025-07-06 21:58:01] mPDF initialized. Setting properties...
[2025-07-06 21:58:01] Writing HTML to mPDF...
[2025-07-06 21:58:02] HTML written to mPDF successfully.
[2025-07-06 21:58:02] Preparing PDF output...
[2025-07-06 21:58:02] Sending PDF to browser...
[2025-07-06 21:58:02] PDF output finished.
[2025-07-07 12:30:50] --- generate_pdf_simplificado_v3.php accessed ---
[2025-07-07 12:30:50] Raw POST data received. Length: 5274 bytes
[2025-07-07 12:30:50] JSON decoded successfully. Keys received: resultContentHtml, currentDate
[2025-07-07 12:30:50] Composer autoloader included.
[2025-07-07 12:30:50] PDF filename set to: relatorio-resultados-07-07-2025.pdf
[2025-07-07 12:30:50] Starting HTML generation...
[2025-07-07 12:30:50] HTML generation complete. Total length: 9337 chars.
[2025-07-07 12:30:50] Initializing mPDF...
[2025-07-07 12:30:50] mPDF temp directory set to: /tmp/mpdf_tmp
[2025-07-07 12:30:50] mPDF initialized. Setting properties...
[2025-07-07 12:30:50] Writing HTML to mPDF...
[2025-07-07 12:30:50] HTML written to mPDF successfully.
[2025-07-07 12:30:50] Preparing PDF output...
[2025-07-07 12:30:50] Sending PDF to browser...
[2025-07-07 12:30:50] PDF output finished.
[2025-07-07 13:29:11] --- generate_pdf_simplificado_v3.php accessed ---
[2025-07-07 13:29:11] Raw POST data received. Length: 4684 bytes
[2025-07-07 13:29:11] JSON decoded successfully. Keys received: resultContentHtml, currentDate
[2025-07-07 13:29:11] Composer autoloader included.
[2025-07-07 13:29:11] PDF filename set to: relatorio-resultados-07-07-2025.pdf
[2025-07-07 13:29:11] Starting HTML generation...
[2025-07-07 13:29:11] HTML generation complete. Total length: 8709 chars.
[2025-07-07 13:29:11] Initializing mPDF...
[2025-07-07 13:29:11] mPDF temp directory set to: /tmp/mpdf_tmp
[2025-07-07 13:29:12] mPDF initialized. Setting properties...
[2025-07-07 13:29:12] Writing HTML to mPDF...
[2025-07-07 13:29:12] HTML written to mPDF successfully.
[2025-07-07 13:29:12] Preparing PDF output...
[2025-07-07 13:29:12] Sending PDF to browser...
[2025-07-07 13:29:12] PDF output finished.
[2025-07-07 20:38:06] --- generate_pdf_simplificado_v3.php accessed ---
[2025-07-07 20:38:06] Raw POST data received. Length: 5764 bytes
[2025-07-07 20:38:06] JSON decoded successfully. Keys received: resultContentHtml, currentDate
[2025-07-07 20:38:06] Composer autoloader included.
[2025-07-07 20:38:06] PDF filename set to: relatorio-resultados-07-07-2025.pdf
[2025-07-07 20:38:06] Starting HTML generation...
[2025-07-07 20:38:06] HTML generation complete. Total length: 9883 chars.
[2025-07-07 20:38:06] Initializing mPDF...
[2025-07-07 20:38:06] mPDF temp directory set to: /tmp/mpdf_tmp
[2025-07-07 20:38:06] mPDF initialized. Setting properties...
[2025-07-07 20:38:06] Writing HTML to mPDF...
[2025-07-07 20:38:06] HTML written to mPDF successfully.
[2025-07-07 20:38:06] Preparing PDF output...
[2025-07-07 20:38:06] Sending PDF to browser...
[2025-07-07 20:38:06] PDF output finished.
[2025-07-07 21:43:25] --- generate_pdf_simplificado_v3.php accessed ---
[2025-07-07 21:43:25] Raw POST data received. Length: 5102 bytes
[2025-07-07 21:43:25] JSON decoded successfully. Keys received: resultContentHtml, currentDate
[2025-07-07 21:43:25] Composer autoloader included.
[2025-07-07 21:43:25] PDF filename set to: relatorio-resultados-07-07-2025.pdf
[2025-07-07 21:43:25] Starting HTML generation...
[2025-07-07 21:43:25] HTML generation complete. Total length: 9073 chars.
[2025-07-07 21:43:25] Initializing mPDF...
[2025-07-07 21:43:25] mPDF temp directory set to: /tmp/mpdf_tmp
[2025-07-07 21:43:25] mPDF initialized. Setting properties...
[2025-07-07 21:43:25] Writing HTML to mPDF...
[2025-07-07 21:43:25] HTML written to mPDF successfully.
[2025-07-07 21:43:25] Preparing PDF output...
[2025-07-07 21:43:25] Sending PDF to browser...
[2025-07-07 21:43:25] PDF output finished.
[2025-07-08 13:42:25] --- generate_pdf_simplificado_v3.php accessed ---
[2025-07-08 13:42:25] Error: Request method was GET, not POST.
[2025-07-09 17:20:29] --- generate_pdf_simplificado_v3.php accessed ---
[2025-07-09 17:20:29] Raw POST data received. Length: 4667 bytes
[2025-07-09 17:20:29] JSON decoded successfully. Keys received: resultContentHtml, currentDate
[2025-07-09 17:20:29] Composer autoloader included.
[2025-07-09 17:20:29] PDF filename set to: relatorio-resultados-09-07-2025.pdf
[2025-07-09 17:20:29] Starting HTML generation...
[2025-07-09 17:20:29] HTML generation complete. Total length: 8640 chars.
[2025-07-09 17:20:29] Initializing mPDF...
[2025-07-09 17:20:29] mPDF temp directory set to: /tmp/mpdf_tmp
[2025-07-09 17:20:30] mPDF initialized. Setting properties...
[2025-07-09 17:20:30] Writing HTML to mPDF...
[2025-07-09 17:20:30] HTML written to mPDF successfully.
[2025-07-09 17:20:30] Preparing PDF output...
[2025-07-09 17:20:30] Sending PDF to browser...
[2025-07-09 17:20:30] PDF output finished.
[2025-07-09 20:36:11] --- generate_pdf_simplificado_v3.php accessed ---
[2025-07-09 20:36:11] Raw POST data received. Length: 4829 bytes
[2025-07-09 20:36:11] JSON decoded successfully. Keys received: resultContentHtml, currentDate
[2025-07-09 20:36:11] Composer autoloader included.
[2025-07-09 20:36:11] PDF filename set to: relatorio-resultados-09-07-2025.pdf
[2025-07-09 20:36:11] Starting HTML generation...
[2025-07-09 20:36:11] HTML generation complete. Total length: 8854 chars.
[2025-07-09 20:36:11] Initializing mPDF...
[2025-07-09 20:36:11] mPDF temp directory set to: /tmp/mpdf_tmp
[2025-07-09 20:36:11] mPDF initialized. Setting properties...
[2025-07-09 20:36:11] Writing HTML to mPDF...
[2025-07-09 20:36:11] HTML written to mPDF successfully.
[2025-07-09 20:36:11] Preparing PDF output...
[2025-07-09 20:36:11] Sending PDF to browser...
[2025-07-09 20:36:11] PDF output finished.
[2025-07-09 21:25:52] --- generate_pdf_simplificado_v3.php accessed ---
[2025-07-09 21:25:52] Raw POST data received. Length: 4792 bytes
[2025-07-09 21:25:52] JSON decoded successfully. Keys received: resultContentHtml, currentDate
[2025-07-09 21:25:52] Composer autoloader included.
[2025-07-09 21:25:52] PDF filename set to: relatorio-resultados-09-07-2025.pdf
[2025-07-09 21:25:52] Starting HTML generation...
[2025-07-09 21:25:52] HTML generation complete. Total length: 8817 chars.
[2025-07-09 21:25:52] Initializing mPDF...
[2025-07-09 21:25:52] mPDF temp directory set to: /tmp/mpdf_tmp
[2025-07-09 21:25:52] mPDF initialized. Setting properties...
[2025-07-09 21:25:52] Writing HTML to mPDF...
[2025-07-09 21:25:52] HTML written to mPDF successfully.
[2025-07-09 21:25:52] Preparing PDF output...
[2025-07-09 21:25:52] Sending PDF to browser...
[2025-07-09 21:25:52] PDF output finished.
[2025-07-13 16:45:12] --- generate_pdf_simplificado_v3.php accessed ---
[2025-07-13 16:45:12] Raw POST data received. Length: 4495 bytes
[2025-07-13 16:45:12] JSON decoded successfully. Keys received: resultContentHtml, currentDate
[2025-07-13 16:45:12] Composer autoloader included.
[2025-07-13 16:45:12] PDF filename set to: relatorio-resultados-13-07-2025.pdf
[2025-07-13 16:45:12] Starting HTML generation...
[2025-07-13 16:45:12] HTML generation complete. Total length: 8340 chars.
[2025-07-13 16:45:12] Initializing mPDF...
[2025-07-13 16:45:12] mPDF temp directory set to: /tmp/mpdf_tmp
[2025-07-13 16:45:13] mPDF initialized. Setting properties...
[2025-07-13 16:45:13] Writing HTML to mPDF...
[2025-07-13 16:45:13] HTML written to mPDF successfully.
[2025-07-13 16:45:13] Preparing PDF output...
[2025-07-13 16:45:13] Sending PDF to browser...
[2025-07-13 16:45:13] PDF output finished.
[2025-07-13 23:16:20] --- generate_pdf_simplificado_v3.php accessed ---
[2025-07-13 23:16:20] Raw POST data received. Length: 4714 bytes
[2025-07-13 23:16:20] JSON decoded successfully. Keys received: resultContentHtml, currentDate
[2025-07-13 23:16:20] Composer autoloader included.
[2025-07-13 23:16:20] PDF filename set to: relatorio-resultados-13-07-2025.pdf
[2025-07-13 23:16:20] Starting HTML generation...
[2025-07-13 23:16:20] HTML generation complete. Total length: 8699 chars.
[2025-07-13 23:16:20] Initializing mPDF...
[2025-07-13 23:16:20] mPDF temp directory set to: /tmp/mpdf_tmp
[2025-07-13 23:16:20] mPDF initialized. Setting properties...
[2025-07-13 23:16:20] Writing HTML to mPDF...
[2025-07-13 23:16:20] HTML written to mPDF successfully.
[2025-07-13 23:16:20] Preparing PDF output...
[2025-07-13 23:16:20] Sending PDF to browser...
[2025-07-13 23:16:20] PDF output finished.
[2025-07-13 23:33:23] --- generate_pdf_simplificado_v3.php accessed ---
[2025-07-13 23:33:23] Raw POST data received. Length: 5157 bytes
[2025-07-13 23:33:23] JSON decoded successfully. Keys received: resultContentHtml, currentDate
[2025-07-13 23:33:23] Composer autoloader included.
[2025-07-13 23:33:23] PDF filename set to: relatorio-resultados-13-07-2025.pdf
[2025-07-13 23:33:23] Starting HTML generation...
[2025-07-13 23:33:23] HTML generation complete. Total length: 9132 chars.
[2025-07-13 23:33:23] Initializing mPDF...
[2025-07-13 23:33:23] mPDF temp directory set to: /tmp/mpdf_tmp
[2025-07-13 23:33:23] mPDF initialized. Setting properties...
[2025-07-13 23:33:23] Writing HTML to mPDF...
[2025-07-13 23:33:23] HTML written to mPDF successfully.
[2025-07-13 23:33:23] Preparing PDF output...
[2025-07-13 23:33:23] Sending PDF to browser...
[2025-07-13 23:33:23] PDF output finished.
